<?xml version="1.0" encoding="UTF-8"?>
<!-- Generated by org.testng.reporters.JUnitReportReporter -->
<testsuite hostname="pc0557" failures="0" tests="1" name="com.Module_12.testcases.TC_001" time="10.330" errors="0" timestamp="16 Jun 2023 10:27:00 GMT" skipped="0">
  <testcase classname="com.Module_12.testcases.TC_001" name="doLogin" time="10.330"/>
</testsuite> <!-- com.Module_12.testcases.TC_001 -->
